{
    "loss": [
        0.09553430648659592,
        0.005884898598514386,
        0.004069583077650906,
        0.002917776700915463,
        0.002404390205976678,
        0.0023679068930613904,
        0.0020507922535067174,
        0.0019467587693969704,
        0.0018575221494729838,
        0.0017531818877071588,
        0.0018283498706296087,
        0.001612466640089319,
        0.0014978213591932026,
        0.001538553369516479,
        0.001426120438098685,
        0.0014410129571055521,
        0.0011742416565973701,
        0.0012854074020244514,
        0.0012995868247113566,
        0.001245799249232705,
        0.0013324151295167742,
        0.0013294388352434582,
        0.0012487736718256527,
        0.0011969743293028937,
        0.0011901930506243857,
        0.0011060818171462238,
        0.0011097630774324287,
        0.0012021521643262856,
        0.0010770537925244713,
        0.0012547138220032872,
        0.0010972528506431785,
        0.001025017137541922,
        0.001032777423379637,
        0.0011950233367396825,
        0.0012237496336977652,
        0.0009072022780136609,
        0.001140278744782363,
        0.0009488609800143028,
        0.0010112017632892994,
        0.0011413544789999168,
        0.001181775893418313,
        0.0010165456037815493,
        0.0009159651254790265,
        0.0010125360762658737,
        0.0010320192317603463,
        0.0008835701549898332,
        0.0008894132416340898,
        0.0009832505532887889,
        0.0010369954762785736,
        0.0008852104802351834
    ]
}