{
    "loss": [
        0.040298184870617156,
        0.005121494594738999,
        0.0038055711967953996,
        0.0031585043490822634,
        0.002398803753347428,
        0.0022869770495054214,
        0.002026941871909953,
        0.0019563644693524978,
        0.0016823376205735909,
        0.0016998128572812499,
        0.0015825239086607054,
        0.0017595130564478129,
        0.001600348600533916,
        0.0014789461914046821,
        0.0014882952958317612,
        0.001607454420109071,
        0.001253652576801937,
        0.0011729125221913207,
        0.0012250160735878927,
        0.0012172570344366467,
        0.001221974851362018,
        0.001114688470695557,
        0.001152838648769504,
        0.0011120063888687473,
        0.0012355878375776446,
        0.0015365054226244119,
        0.0011172502619603566,
        0.0010417763870070452,
        0.001016084247254836,
        0.0009558905574576513,
        0.0009604470839084529,
        0.0010576493756623189,
        0.0010482792766875963,
        0.0010678019329432898,
        0.0009523187437331053,
        0.0010146520705198619,
        0.0009024481780813145,
        0.0009169835776243525,
        0.0008969897970751817,
        0.0008726832694930038,
        0.0008895402574397401,
        0.0008716789378311985,
        0.0012224367180310967,
        0.000911304117840673,
        0.0009719411578418604,
        0.0008430128008363518,
        0.000774664201933557,
        0.0008274908801332228,
        0.0009307382242587298,
        0.0008666528773723421
    ]
}